Running: C:\Xilinx\14.7\ISE_DS\ISE\bin\nt64\unwrapped\fuse.exe -intstyle ise -incremental -o C:/SD/fsm_1proces_botao/td_botao_isim_beh.exe -prj C:/SD/fsm_1proces_botao/td_botao_beh.prj work.td_botao 
ISim P.20131013 (signature 0x7708f090)
Number of CPUs detected in this system: 2
Turning on mult-threading, number of parallel sub-compilation jobs: 4 
Determining compilation order of HDL files
Parsing VHDL file "C:/SD/fsm_1proces_botao/fsM_1process_botao.vhd" into library work
Parsing VHDL file "C:/SD/fsm_1proces_botao/td_botao.vhd" into library work
Starting static elaboration
Completed static elaboration
Compiling package standard
Compiling package std_logic_1164
Compiling package numeric_std
Compiling architecture behavioral of entity fsM_1process_botao [fsm_1process_botao_default]
Compiling architecture behavior of entity td_botao
Time Resolution for simulation is 1ps.
Waiting for 2 sub-compilation(s) to finish...
Compiled 6 VHDL Units
Built simulation executable C:/SD/fsm_1proces_botao/td_botao_isim_beh.exe
Fuse Memory Usage: 35080 KB
Fuse CPU Usage: 639 ms
