Command line:
   fsM_1process_botao_isim_beh.exe
     -simmode  gui
     -simrunnum  0
     -socket  50511

Tue Jul 19 09:16:38 2022


 Elaboration Time: 0.1092 sec

 Current Memory Usage: 1157.06 Meg

 Total Signals          : 6
 Total Nets             : 9
 Total Signal Drivers   : 3
 Total Blocks           : 3
 Total Primitive Blocks : 3
 Total Processes        : 1
 Total Traceable Variables  : 13
 Total Scalar Nets and Variables : 492
Total Line Count : 27

 Total Simulation Time: 0.390002 sec

 Current Memory Usage: 685.179 Meg

Tue Jul 19 09:22:30 2022

